2023-09-24 01:19:20 - 48817 - Created file: /Users/adityanegandhi/Desktop/Geekfest/File-Monitoring-System/watcher.log
2023-09-24 01:19:20 - 48817 - Modified directory: /Users/adityanegandhi/Desktop/Geekfest/File-Monitoring-System
2023-09-24 01:19:20 - 48817 - Modified file: /Users/adityanegandhi/Desktop/Geekfest/File-Monitoring-System/watcher.log
2023-09-24 01:19:44 - 48817 - Deleted file: /Users/adityanegandhi/Desktop/Geekfest/File-Monitoring-System/test.txt
2023-09-24 01:19:44 - 48817 - Modified directory: /Users/adityanegandhi/Desktop/Geekfest/File-Monitoring-System
2023-09-24 01:19:44 - 48817 - Created directory: /Users/adityanegandhi/Desktop/Geekfest/File-Monitoring-System/.git/.gitstatus.0ug9dM
2023-09-24 01:19:44 - 48817 - Modified directory: /Users/adityanegandhi/Desktop/Geekfest/File-Monitoring-System/.git
2023-09-24 01:19:44 - 48817 - Modified directory: /Users/adityanegandhi/Desktop/Geekfest/File-Monitoring-System/.git/.gitstatus.0ug9dM
2023-09-24 01:19:44 - 48817 - Created directory: /Users/adityanegandhi/Desktop/Geekfest/File-Monitoring-System/.git/.gitstatus.0ug9dM/a
2023-09-24 01:19:44 - 48817 - Modified directory: /Users/adityanegandhi/Desktop/Geekfest/File-Monitoring-System/.git/.gitstatus.0ug9dM
2023-09-24 01:19:44 - 48817 - Modified directory: /Users/adityanegandhi/Desktop/Geekfest/File-Monitoring-System/.git/.gitstatus.0ug9dM/a
2023-09-24 01:19:44 - 48817 - Created directory: /Users/adityanegandhi/Desktop/Geekfest/File-Monitoring-System/.git/.gitstatus.0ug9dM/b
2023-09-24 01:19:44 - 48817 - Modified directory: /Users/adityanegandhi/Desktop/Geekfest/File-Monitoring-System/.git/.gitstatus.0ug9dM
2023-09-24 01:19:44 - 48817 - Modified directory: /Users/adityanegandhi/Desktop/Geekfest/File-Monitoring-System/.git/.gitstatus.0ug9dM/b
2023-09-24 01:19:45 - 48817 - Created file: /Users/adityanegandhi/Desktop/Geekfest/File-Monitoring-System/.git/.gitstatus.0ug9dM/b/1
2023-09-24 01:19:45 - 48817 - Modified directory: /Users/adityanegandhi/Desktop/Geekfest/File-Monitoring-System/.git/.gitstatus.0ug9dM/b
2023-09-24 01:19:45 - 48817 - Modified file: /Users/adityanegandhi/Desktop/Geekfest/File-Monitoring-System/.git/.gitstatus.0ug9dM/b/1
2023-09-24 01:19:45 - 48817 - Deleted file: /Users/adityanegandhi/Desktop/Geekfest/File-Monitoring-System/.git/.gitstatus.0ug9dM/b/1
2023-09-24 01:19:45 - 48817 - Modified directory: /Users/adityanegandhi/Desktop/Geekfest/File-Monitoring-System/.git/.gitstatus.0ug9dM/b
2023-09-24 01:19:45 - 48817 - Created directory: /Users/adityanegandhi/Desktop/Geekfest/File-Monitoring-System/.git/.gitstatus.0ug9dM/a/1
2023-09-24 01:19:45 - 48817 - Modified directory: /Users/adityanegandhi/Desktop/Geekfest/File-Monitoring-System/.git/.gitstatus.0ug9dM/a
2023-09-24 01:19:45 - 48817 - Modified directory: /Users/adityanegandhi/Desktop/Geekfest/File-Monitoring-System/.git/.gitstatus.0ug9dM/a/1
2023-09-24 01:19:45 - 48817 - Deleted directory: /Users/adityanegandhi/Desktop/Geekfest/File-Monitoring-System/.git/.gitstatus.0ug9dM/a/1
2023-09-24 01:19:45 - 48817 - Modified directory: /Users/adityanegandhi/Desktop/Geekfest/File-Monitoring-System/.git/.gitstatus.0ug9dM/a
2023-09-24 01:19:45 - 48817 - Modified directory: /Users/adityanegandhi/Desktop/Geekfest/File-Monitoring-System/.git/.gitstatus.0ug9dM/b
2023-09-24 01:19:45 - 48817 - Deleted directory: /Users/adityanegandhi/Desktop/Geekfest/File-Monitoring-System/.git/.gitstatus.0ug9dM/b
2023-09-24 01:19:45 - 48817 - Modified directory: /Users/adityanegandhi/Desktop/Geekfest/File-Monitoring-System/.git/.gitstatus.0ug9dM
2023-09-24 01:19:45 - 48817 - Modified directory: /Users/adityanegandhi/Desktop/Geekfest/File-Monitoring-System/.git/.gitstatus.0ug9dM/a
2023-09-24 01:19:45 - 48817 - Deleted directory: /Users/adityanegandhi/Desktop/Geekfest/File-Monitoring-System/.git/.gitstatus.0ug9dM/a
2023-09-24 01:19:45 - 48817 - Modified directory: /Users/adityanegandhi/Desktop/Geekfest/File-Monitoring-System/.git/.gitstatus.0ug9dM
2023-09-24 01:19:45 - 48817 - Deleted directory: /Users/adityanegandhi/Desktop/Geekfest/File-Monitoring-System/.git/.gitstatus.0ug9dM
2023-09-24 01:19:45 - 48817 - Modified directory: /Users/adityanegandhi/Desktop/Geekfest/File-Monitoring-System/.git
